Build started 10/11/2019 1:29:01 PM.
     1>Project "C:\Users\jonju\documents\visual studio 2013\Projects\csc_600_hw3\csc_600_hw3\csc_600_hw3.vcxproj" on node 2 (Build target(s)).
     1>ClCompile:
         C:\Program Files (x86)\Microsoft Visual Studio 12.0\VC\bin\CL.exe /c /ZI /nologo /W3 /WX- /sdl /Od /Oy- /D _MBCS /Gm /EHsc /RTC1 /MDd /GS /fp:precise /Zc:wchar_t /Zc:forScope /Fo"Debug\\" /Fd"Debug\vc120.pdb" /Gd /TP /analyze- /errorReport:prompt Source.cpp
         Source.cpp
     1>c:\users\jonju\documents\visual studio 2013\projects\csc_600_hw3\csc_600_hw3\source.cpp(65): warning C4244: '=' : conversion from 'double' to 'time_t', possible loss of data
     1>c:\users\jonju\documents\visual studio 2013\projects\csc_600_hw3\csc_600_hw3\source.cpp(69): warning C4244: '=' : conversion from 'double' to 'time_t', possible loss of data
     1>c:\users\jonju\documents\visual studio 2013\projects\csc_600_hw3\csc_600_hw3\source.cpp(74): warning C4244: '=' : conversion from 'double' to 'time_t', possible loss of data
     1>c:\users\jonju\documents\visual studio 2013\projects\csc_600_hw3\csc_600_hw3\source.cpp(78): warning C4244: '=' : conversion from 'double' to 'time_t', possible loss of data
     1>c:\users\jonju\documents\visual studio 2013\projects\csc_600_hw3\csc_600_hw3\source.cpp(91): warning C4244: '=' : conversion from 'double' to 'time_t', possible loss of data
     1>c:\users\jonju\documents\visual studio 2013\projects\csc_600_hw3\csc_600_hw3\source.cpp(93): warning C4244: '=' : conversion from 'double' to 'time_t', possible loss of data
     1>c:\users\jonju\documents\visual studio 2013\projects\csc_600_hw3\csc_600_hw3\source.cpp(98): warning C4244: '=' : conversion from 'double' to 'time_t', possible loss of data
     1>c:\users\jonju\documents\visual studio 2013\projects\csc_600_hw3\csc_600_hw3\source.cpp(100): warning C4244: '=' : conversion from 'double' to 'time_t', possible loss of data
     1>c:\users\jonju\documents\visual studio 2013\projects\csc_600_hw3\csc_600_hw3\source.cpp(104): warning C4244: '=' : conversion from 'double' to 'time_t', possible loss of data
     1>c:\users\jonju\documents\visual studio 2013\projects\csc_600_hw3\csc_600_hw3\source.cpp(106): warning C4244: '=' : conversion from 'double' to 'time_t', possible loss of data
       Link:
         C:\Program Files (x86)\Microsoft Visual Studio 12.0\VC\bin\link.exe /ERRORREPORT:PROMPT /OUT:"C:\Users\jonju\documents\visual studio 2013\Projects\csc_600_hw3\Debug\csc_600_hw3.exe" /INCREMENTAL /NOLOGO kernel32.lib user32.lib gdi32.lib winspool.lib comdlg32.lib advapi32.lib shell32.lib ole32.lib oleaut32.lib uuid.lib odbc32.lib odbccp32.lib /MANIFEST /MANIFESTUAC:"level='asInvoker' uiAccess='false'" /manifest:embed /DEBUG /PDB:"C:\Users\jonju\documents\visual studio 2013\Projects\csc_600_hw3\Debug\csc_600_hw3.pdb" /TLBID:1 /DYNAMICBASE /NXCOMPAT /IMPLIB:"C:\Users\jonju\documents\visual studio 2013\Projects\csc_600_hw3\Debug\csc_600_hw3.lib" /MACHINE:X86 Debug\Source.obj
         csc_600_hw3.vcxproj -> C:\Users\jonju\documents\visual studio 2013\Projects\csc_600_hw3\Debug\csc_600_hw3.exe
     1>Done Building Project "C:\Users\jonju\documents\visual studio 2013\Projects\csc_600_hw3\csc_600_hw3\csc_600_hw3.vcxproj" (Build target(s)).

Build succeeded.

Time Elapsed 00:00:02.19
